
Showing logs for build [32mcb-kubecd-environment-pr-509-18-5xtnq-1[0m stage [32mfrom-build-pack[0m and container [32mstep-credential-initializer-v7n84[0m
{"level":"info","ts":1588677484.2640927,"logger":"fallback-logger","caller":"logging/config.go:69","msg":"Fetch GitHub commit ID from kodata failed: open /var/run/ko/refs/heads/0.8.0-ns-support: no such file or directory"}
{"level":"info","ts":1588677484.2671416,"logger":"fallback-logger","caller":"creds-init/main.go:40","msg":"Credentials initialized."}

Showing logs for build [32mcb-kubecd-environment-pr-509-18-5xtnq-1[0m stage [32mfrom-build-pack[0m and container [32mstep-working-dir-initializer-rgzq6[0m
{"level":"info","ts":1588677485.2750535,"logger":"fallback-logger","caller":"logging/config.go:69","msg":"Fetch GitHub commit ID from kodata failed: open /var/run/ko/HEAD: no such file or directory"}
{"level":"info","ts":1588677485.2771552,"logger":"fallback-logger","caller":"bash/main.go:64","msg":"Successfully executed command \"sh -c mkdir -p /workspace/source\"; output "}

Showing logs for build [32mcb-kubecd-environment-pr-509-18-5xtnq-1[0m stage [32mfrom-build-pack[0m and container [32mstep-place-tools[0m

Showing logs for build [32mcb-kubecd-environment-pr-509-18-5xtnq-1[0m stage [32mfrom-build-pack[0m and container [32mstep-git-source-cb-kubecd-environment-pr-509-18-5xtnq-fq42f[0m
{"level":"info","ts":1588677491.4180233,"logger":"fallback-logger","caller":"logging/config.go:69","msg":"Fetch GitHub commit ID from kodata failed: open /var/run/ko/refs/heads/0.8.0-ns-support: no such file or directory"}
{"level":"info","ts":1588677492.4728746,"logger":"fallback-logger","caller":"git/git.go:103","msg":"Successfully cloned https://github.com/cb-kubecd/environment-pr-509-18-bdd-frontend-staging.git @ master in path /workspace/source"}

Showing logs for build [32mcb-kubecd-environment-pr-509-18-5xtnq-1[0m stage [32mfrom-build-pack[0m and container [32mstep-git-merge[0m
Using SHAs from PULL_REFS=master:890a1ff4c1831d5322534476b9ab4c69398c379a,1:bec03052a9b37ff9ea66f1f688f365b31dab1071
DEBUG: LC_ALL=C JX_LOG_LEVEL=error git fetch origin --unshallow bec03052a9b37ff9ea66f1f688f365b31dab1071: 890a1ff4c1831d5322534476b9ab4c69398c379a:
DEBUG: ran git fetch --unshallow origin bec03052a9b37ff9ea66f1f688f365b31dab1071: 890a1ff4c1831d5322534476b9ab4c69398c379a: in 
DEBUG: LC_ALL=C JX_LOG_LEVEL=error git branch
DEBUG: LC_ALL=C JX_LOG_LEVEL=error git checkout master
DEBUG: ran git checkout master in 
DEBUG: LC_ALL=C JX_LOG_LEVEL=error git reset --hard 890a1ff4c1831d5322534476b9ab4c69398c379a
DEBUG: ran git reset --hard 890a1ff4c1831d5322534476b9ab4c69398c379a in 
DEBUG: JX_LOG_LEVEL=error LC_ALL=C git clean -fd .
DEBUG: ran clean --force -d . in 
DEBUG: LC_ALL=C JX_LOG_LEVEL=error git merge bec03052a9b37ff9ea66f1f688f365b31dab1071
DEBUG: ran git merge bec03052a9b37ff9ea66f1f688f365b31dab1071 in 
DEBUG: LC_ALL=C JX_LOG_LEVEL=error git log --format=%H%x1f%an%x1f%ae%x1f%cn%x1f%ce%x1f%s%n%b%x1e 890a1ff4c1831d5322534476b9ab4c69398c379a..HEAD
Merged SHA bec03052a9b37ff9ea66f1f688f365b31dab1071 with commit message 'chore: Promote bdd-nh-1588676429 to version 0.0.1' into base branch master

Showing logs for build [32mcb-kubecd-environment-pr-509-18-5xtnq-1[0m stage [32mfrom-build-pack[0m and container [32mstep-build-helm-build[0m
WARNING: No $CHART_REPOSITORY defined so using the default value of: http://jenkins-x-chartmuseum:8080
Adding missing Helm repo: storage.googleapis.com https://storage.googleapis.com/chartmuseum.jenkins-x.io
WARNING: No secrets found on "helm/repos" due: reading the secret "helm/repos" from vault: no secret "helm/repos" not found in vault
Read credentials for https://storage.googleapis.com/chartmuseum.jenkins-x.io from vault helm/repos
Successfully added Helm repository storage.googleapis.com.
Adding missing Helm repo: jenkins-x-chartmuseum http://jenkins-x-chartmuseum:8080
WARNING: No secrets found on "helm/repos" due: reading the secret "helm/repos" from vault: no secret "helm/repos" not found in vault
Read credentials for http://jenkins-x-chartmuseum:8080 from vault helm/repos
Successfully added Helm repository jenkins-x-chartmuseum.
WARNING: No $CHART_REPOSITORY defined so using the default value of: http://jenkins-x-chartmuseum:8080
Adding missing Helm repo: chartmuseum.jenkins-x.io http://chartmuseum.jenkins-x.io
WARNING: No secrets found on "helm/repos" due: reading the secret "helm/repos" from vault: no secret "helm/repos" not found in vault
Read credentials for http://chartmuseum.jenkins-x.io from vault helm/repos
Successfully added Helm repository chartmuseum.jenkins-x.io.
